2016-03-10 12:00:09,199 [Worker-2] INFO  o.e.m.c.i.e.AbstractTransferListenerAdapter - Downloading https://repo.maven.apache.org/maven2/org/apache/maven/plugins/maven-clean-plugin/2.5/maven-clean-plugin-2.5.jar
2016-03-10 12:00:09,284 [Worker-2] INFO  o.e.m.c.i.e.AbstractTransferListenerAdapter - Downloaded https://repo.maven.apache.org/maven2/org/apache/maven/plugins/maven-clean-plugin/2.5/maven-clean-plugin-2.5.jar
2016-03-10 12:00:09,734 [Worker-2] INFO  o.e.m.c.i.e.AbstractTransferListenerAdapter - Downloading https://repo.maven.apache.org/maven2/org/apache/maven/plugins/maven-gpg-plugin/1.5/maven-gpg-plugin-1.5.jar
2016-03-10 12:00:09,878 [Worker-2] INFO  o.e.m.c.i.e.AbstractTransferListenerAdapter - Downloaded https://repo.maven.apache.org/maven2/org/apache/maven/plugins/maven-gpg-plugin/1.5/maven-gpg-plugin-1.5.jar
2016-03-10 12:00:10,112 [Worker-2] INFO  o.e.m.c.i.e.AbstractTransferListenerAdapter - Downloading https://repo.maven.apache.org/maven2/org/apache/maven/plugins/maven-install-plugin/2.4/maven-install-plugin-2.4.jar
2016-03-10 12:00:10,323 [Worker-2] INFO  o.e.m.c.i.e.AbstractTransferListenerAdapter - Downloaded https://repo.maven.apache.org/maven2/org/apache/maven/plugins/maven-install-plugin/2.4/maven-install-plugin-2.4.jar
2016-03-10 12:00:10,456 [Worker-2] INFO  o.e.m.c.i.e.AbstractTransferListenerAdapter - Downloading https://repo.maven.apache.org/maven2/org/apache/maven/plugins/maven-deploy-plugin/2.7/maven-deploy-plugin-2.7.jar
2016-03-10 12:00:10,531 [Worker-2] INFO  o.e.m.c.i.e.AbstractTransferListenerAdapter - Downloaded https://repo.maven.apache.org/maven2/org/apache/maven/plugins/maven-deploy-plugin/2.7/maven-deploy-plugin-2.7.jar
2016-03-10 12:00:10,724 [Worker-2] INFO  o.e.m.c.i.e.AbstractTransferListenerAdapter - Downloading https://repo.maven.apache.org/maven2/org/apache/maven/plugins/maven-site-plugin/3.3/maven-site-plugin-3.3.jar
2016-03-10 12:00:11,159 [Worker-2] INFO  o.e.m.c.i.e.AbstractTransferListenerAdapter - Downloaded https://repo.maven.apache.org/maven2/org/apache/maven/plugins/maven-site-plugin/3.3/maven-site-plugin-3.3.jar
2016-03-10 12:00:13,244 [Worker-2] INFO  o.e.m.c.i.l.LifecycleMappingFactory - Using org.eclipse.m2e.jdt.JarLifecycleMapping lifecycle mapping for MavenProject: edu.umn.cs.spatialhadoop:spatialhadoop:2.4 @ /home/shadoop/workspace/spatialhadoop/pom.xml.
2016-03-10 12:00:18,102 [Worker-2] INFO  o.e.m.c.i.l.LifecycleMappingFactory - Using org.eclipse.m2e.jdt.JarLifecycleMapping lifecycle mapping for MavenProject: edu.umn.cs.spatialHadoop:pigeon:0.2.1 @ /home/shadoop/workspace/pigeon/pom.xml.
2016-03-10 12:00:20,516 [Worker-2] INFO  o.e.m.j.i.AbstractJavaProjectConfigurator - Adding source folder /spatialhadoop/src/main/java
2016-03-10 12:00:20,516 [Worker-2] INFO  o.e.m.j.i.AbstractJavaProjectConfigurator - Adding resource folder /spatialhadoop/src/main/resources
2016-03-10 12:00:20,630 [Worker-2] INFO  o.e.m.j.i.AbstractJavaProjectConfigurator - Adding source folder /spatialhadoop/src/test/java
2016-03-10 12:00:23,312 [Worker-2] INFO  o.e.m.j.i.AbstractJavaProjectConfigurator - Adding source folder /pigeon/src/main/java
2016-03-10 12:00:23,323 [Worker-2] INFO  o.e.m.j.i.AbstractJavaProjectConfigurator - Adding source folder /pigeon/src/test/java
2016-03-10 12:00:24,144 [Worker-2] INFO  o.e.m.c.i.p.ProjectConfigurationManager - Imported and configured 2 project(s) in 22 sec
2016-03-10 12:00:39,027 [Worker-2] WARN  o.e.m.c.i.embedder.EclipseLogger - Using platform encoding (UTF-8 actually) to copy filtered resources, i.e. build is platform dependent!
2016-03-10 12:00:39,094 [Worker-2] INFO  o.e.m.c.i.embedder.EclipseLogger - skip non existing resourceDirectory /home/shadoop/workspace/pigeon/src/main/resources
2016-03-10 12:00:39,130 [Worker-2] WARN  o.e.m.c.i.embedder.EclipseLogger - Using platform encoding (UTF-8 actually) to copy filtered resources, i.e. build is platform dependent!
2016-03-10 12:00:39,131 [Worker-2] INFO  o.e.m.c.i.embedder.EclipseLogger - skip non existing resourceDirectory /home/shadoop/workspace/pigeon/src/test/resources
2016-03-10 12:01:14,998 [Worker-2] WARN  o.e.m.c.i.embedder.EclipseLogger - Using platform encoding (UTF-8 actually) to copy filtered resources, i.e. build is platform dependent!
2016-03-10 12:01:15,119 [Worker-2] INFO  o.e.m.c.i.embedder.EclipseLogger - Copying 81 resources
2016-03-10 12:01:15,399 [Worker-2] WARN  o.e.m.c.i.embedder.EclipseLogger - Using platform encoding (UTF-8 actually) to copy filtered resources, i.e. build is platform dependent!
2016-03-10 12:01:15,401 [Worker-2] INFO  o.e.m.c.i.embedder.EclipseLogger - skip non existing resourceDirectory /home/shadoop/workspace/spatialhadoop/src/test/resources
2016-05-10 10:40:50,283 [Worker-7] WARN  o.e.m.c.i.embedder.EclipseLogger - Using platform encoding (UTF-8 actually) to copy filtered resources, i.e. build is platform dependent!
2016-05-10 10:40:50,427 [Worker-7] INFO  o.e.m.c.i.embedder.EclipseLogger - skip non existing resourceDirectory /home/shadoop/workspace/pigeon/src/main/resources
2016-05-10 10:40:50,430 [Worker-7] WARN  o.e.m.c.i.embedder.EclipseLogger - Using platform encoding (UTF-8 actually) to copy filtered resources, i.e. build is platform dependent!
2016-05-10 10:40:50,430 [Worker-7] INFO  o.e.m.c.i.embedder.EclipseLogger - skip non existing resourceDirectory /home/shadoop/workspace/pigeon/src/test/resources
2016-05-10 10:40:56,824 [Worker-7] WARN  o.e.m.c.i.embedder.EclipseLogger - Using platform encoding (UTF-8 actually) to copy filtered resources, i.e. build is platform dependent!
2016-05-10 10:40:56,867 [Worker-7] INFO  o.e.m.c.i.embedder.EclipseLogger - Copying 81 resources
2016-05-10 10:40:57,074 [Worker-7] WARN  o.e.m.c.i.embedder.EclipseLogger - Using platform encoding (UTF-8 actually) to copy filtered resources, i.e. build is platform dependent!
2016-05-10 10:40:57,094 [Worker-7] INFO  o.e.m.c.i.embedder.EclipseLogger - skip non existing resourceDirectory /home/shadoop/workspace/spatialhadoop/src/test/resources
2016-05-10 10:41:12,509 [Worker-16] WARN  o.e.m.c.i.embedder.EclipseLogger - Using platform encoding (UTF-8 actually) to copy filtered resources, i.e. build is platform dependent!
2016-05-10 10:41:12,560 [Worker-16] INFO  o.e.m.c.i.embedder.EclipseLogger - Copying 81 resources
2016-05-10 10:41:13,011 [Worker-16] WARN  o.e.m.c.i.embedder.EclipseLogger - Using platform encoding (UTF-8 actually) to copy filtered resources, i.e. build is platform dependent!
2016-05-10 10:41:13,012 [Worker-16] INFO  o.e.m.c.i.embedder.EclipseLogger - skip non existing resourceDirectory /home/shadoop/workspace/spatialhadoop/src/test/resources
2016-05-10 10:42:28,181 [Worker-14] INFO  o.e.m.c.i.l.LifecycleMappingFactory - Using org.eclipse.m2e.jdt.JarLifecycleMapping lifecycle mapping for MavenProject: edu.umn.cs.spatialhadoop:example:0.0.1-SNAPSHOT @ /home/shadoop/workspace/example/pom.xml.
2016-05-10 10:42:28,785 [Worker-14] INFO  o.e.m.j.i.AbstractJavaProjectConfigurator - Adding source folder /example/src/main/java
2016-05-10 10:42:28,787 [Worker-14] INFO  o.e.m.j.i.AbstractJavaProjectConfigurator - Adding resource folder /example/src/main/resources
2016-05-10 10:42:28,788 [Worker-14] INFO  o.e.m.j.i.AbstractJavaProjectConfigurator - Adding source folder /example/src/test/java
2016-05-10 10:42:28,788 [Worker-14] INFO  o.e.m.j.i.AbstractJavaProjectConfigurator - Adding resource folder /example/src/test/resources
2016-05-10 10:42:30,239 [Worker-5] WARN  o.e.m.c.i.embedder.EclipseLogger - Using platform encoding (UTF-8 actually) to copy filtered resources, i.e. build is platform dependent!
2016-05-10 10:42:30,248 [Worker-5] INFO  o.e.m.c.i.embedder.EclipseLogger - Copying 0 resource
2016-05-10 10:42:30,257 [Worker-5] WARN  o.e.m.c.i.embedder.EclipseLogger - Using platform encoding (UTF-8 actually) to copy filtered resources, i.e. build is platform dependent!
2016-05-10 10:42:30,257 [Worker-5] INFO  o.e.m.c.i.embedder.EclipseLogger - Copying 0 resource
2016-05-10 10:42:35,752 [Worker-5] INFO  o.e.m.c.i.l.LifecycleMappingFactory - Using org.eclipse.m2e.jdt.JarLifecycleMapping lifecycle mapping for MavenProject: edu.umn.cs.spatialhadoop:spatialhadoop:2.4.1-SNAPSHOT @ /home/shadoop/workspace/spatialhadoop/pom.xml.
2016-05-10 10:42:37,445 [Worker-5] WARN  o.e.m.c.i.embedder.EclipseLogger - Using platform encoding (UTF-8 actually) to copy filtered resources, i.e. build is platform dependent!
2016-05-10 10:42:37,448 [Worker-5] INFO  o.e.m.c.i.embedder.EclipseLogger - Copying 81 resources
2016-05-10 10:42:37,464 [Worker-5] WARN  o.e.m.c.i.embedder.EclipseLogger - Using platform encoding (UTF-8 actually) to copy filtered resources, i.e. build is platform dependent!
2016-05-10 10:42:37,465 [Worker-5] INFO  o.e.m.c.i.embedder.EclipseLogger - skip non existing resourceDirectory /home/shadoop/workspace/spatialhadoop/src/test/resources
2016-05-10 10:42:43,289 [Worker-5] WARN  o.e.m.c.i.embedder.EclipseLogger - Using platform encoding (UTF-8 actually) to copy filtered resources, i.e. build is platform dependent!
2016-05-10 10:42:43,290 [Worker-5] INFO  o.e.m.c.i.embedder.EclipseLogger - Copying 81 resources
2016-05-10 10:42:43,542 [Worker-5] WARN  o.e.m.c.i.embedder.EclipseLogger - Using platform encoding (UTF-8 actually) to copy filtered resources, i.e. build is platform dependent!
2016-05-10 10:42:43,543 [Worker-5] INFO  o.e.m.c.i.embedder.EclipseLogger - skip non existing resourceDirectory /home/shadoop/workspace/spatialhadoop/src/test/resources
2016-05-10 10:43:44,256 [Worker-17] INFO  c.g.t.t.d.PublishedGradleVersions - Gradle version information cache file is not available. Remote download required.
2016-05-10 10:44:38,340 [Worker-18] INFO  o.e.m.c.i.l.LifecycleMappingFactory - Using org.eclipse.m2e.jdt.JarLifecycleMapping lifecycle mapping for MavenProject: edu.umn.cs.spatialhadoop:example:0.0.1-SNAPSHOT @ /home/shadoop/workspace/example/pom.xml.
2016-05-10 10:44:39,038 [Worker-18] INFO  o.e.m.c.i.e.AbstractTransferListenerAdapter - Downloading https://repo.maven.apache.org/maven2/edu/umn/cs/spatialhadoop/spatialhadoop/2.4/spatialhadoop-2.4.pom
2016-05-10 10:44:39,206 [Worker-18] INFO  o.e.m.c.i.e.AbstractTransferListenerAdapter - Downloaded https://repo.maven.apache.org/maven2/edu/umn/cs/spatialhadoop/spatialhadoop/2.4/spatialhadoop-2.4.pom
2016-05-10 10:44:41,953 [Worker-18] INFO  o.e.m.c.i.e.AbstractTransferListenerAdapter - Downloading https://repo.maven.apache.org/maven2/edu/umn/cs/spatialhadoop/spatialhadoop/2.4/spatialhadoop-2.4.jar
2016-05-10 10:46:46,881 [Worker-18] INFO  o.e.m.c.i.e.AbstractTransferListenerAdapter - Downloaded https://repo.maven.apache.org/maven2/edu/umn/cs/spatialhadoop/spatialhadoop/2.4/spatialhadoop-2.4.jar
2016-05-10 10:46:46,926 [Worker-18] INFO  o.e.m.c.i.e.AbstractTransferListenerAdapter - Downloading https://repo.maven.apache.org/maven2/junit/junit/4.8.1/junit-4.8.1.jar
2016-05-10 10:46:47,015 [Worker-18] INFO  o.e.m.c.i.e.AbstractTransferListenerAdapter - Downloaded https://repo.maven.apache.org/maven2/junit/junit/4.8.1/junit-4.8.1.jar
2016-05-10 10:46:47,956 [Worker-18] WARN  o.e.m.c.i.embedder.EclipseLogger - Using platform encoding (UTF-8 actually) to copy filtered resources, i.e. build is platform dependent!
2016-05-10 10:46:47,964 [Worker-18] INFO  o.e.m.c.i.embedder.EclipseLogger - Copying 0 resource
2016-05-10 10:46:47,966 [Worker-18] WARN  o.e.m.c.i.embedder.EclipseLogger - Using platform encoding (UTF-8 actually) to copy filtered resources, i.e. build is platform dependent!
2016-05-10 10:46:47,979 [Worker-18] INFO  o.e.m.c.i.embedder.EclipseLogger - Copying 0 resource
2016-05-10 10:46:52,309 [Worker-5] WARN  o.e.m.c.i.embedder.EclipseLogger - Using platform encoding (UTF-8 actually) to copy filtered resources, i.e. build is platform dependent!
2016-05-10 10:46:52,314 [Worker-5] INFO  o.e.m.c.i.embedder.EclipseLogger - Copying 0 resource
2016-05-10 10:46:52,315 [Worker-5] WARN  o.e.m.c.i.embedder.EclipseLogger - Using platform encoding (UTF-8 actually) to copy filtered resources, i.e. build is platform dependent!
2016-05-10 10:46:52,316 [Worker-5] INFO  o.e.m.c.i.embedder.EclipseLogger - Copying 0 resource
2016-05-10 10:46:52,633 [Worker-17] WARN  o.e.m.c.i.embedder.EclipseLogger - Using platform encoding (UTF-8 actually) to copy filtered resources, i.e. build is platform dependent!
2016-05-10 10:46:52,634 [Worker-17] INFO  o.e.m.c.i.embedder.EclipseLogger - Copying 0 resource
2016-05-10 10:46:52,635 [Worker-17] WARN  o.e.m.c.i.embedder.EclipseLogger - Using platform encoding (UTF-8 actually) to copy filtered resources, i.e. build is platform dependent!
2016-05-10 10:46:52,635 [Worker-17] INFO  o.e.m.c.i.embedder.EclipseLogger - Copying 0 resource
2016-05-10 10:46:52,679 [Worker-17] WARN  o.e.m.c.i.embedder.EclipseLogger - Using platform encoding (UTF-8 actually) to copy filtered resources, i.e. build is platform dependent!
2016-05-10 10:46:52,692 [Worker-17] INFO  o.e.m.c.i.embedder.EclipseLogger - skip non existing resourceDirectory /home/shadoop/workspace/pigeon/src/main/resources
2016-05-10 10:46:52,695 [Worker-17] WARN  o.e.m.c.i.embedder.EclipseLogger - Using platform encoding (UTF-8 actually) to copy filtered resources, i.e. build is platform dependent!
2016-05-10 10:46:52,699 [Worker-17] INFO  o.e.m.c.i.embedder.EclipseLogger - skip non existing resourceDirectory /home/shadoop/workspace/pigeon/src/test/resources
2016-05-10 10:46:52,746 [Worker-17] WARN  o.e.m.c.i.embedder.EclipseLogger - Using platform encoding (UTF-8 actually) to copy filtered resources, i.e. build is platform dependent!
2016-05-10 10:46:52,763 [Worker-17] INFO  o.e.m.c.i.embedder.EclipseLogger - Copying 0 resource
2016-05-10 10:46:52,773 [Worker-17] WARN  o.e.m.c.i.embedder.EclipseLogger - Using platform encoding (UTF-8 actually) to copy filtered resources, i.e. build is platform dependent!
2016-05-10 10:46:52,785 [Worker-17] INFO  o.e.m.c.i.embedder.EclipseLogger - skip non existing resourceDirectory /home/shadoop/workspace/spatialhadoop/src/test/resources
2016-05-10 10:54:59,673 [Worker-10] WARN  o.e.m.c.i.embedder.EclipseLogger - Using platform encoding (UTF-8 actually) to copy filtered resources, i.e. build is platform dependent!
2016-05-10 10:54:59,697 [Worker-10] INFO  o.e.m.c.i.embedder.EclipseLogger - Copying 0 resource
2016-05-10 10:54:59,714 [Worker-10] WARN  o.e.m.c.i.embedder.EclipseLogger - Using platform encoding (UTF-8 actually) to copy filtered resources, i.e. build is platform dependent!
2016-05-10 10:54:59,715 [Worker-10] INFO  o.e.m.c.i.embedder.EclipseLogger - Copying 0 resource
2016-05-10 10:55:54,133 [Worker-16] WARN  o.e.m.c.i.embedder.EclipseLogger - Using platform encoding (UTF-8 actually) to copy filtered resources, i.e. build is platform dependent!
2016-05-10 10:55:54,134 [Worker-16] INFO  o.e.m.c.i.embedder.EclipseLogger - Copying 0 resource
2016-05-10 10:55:54,136 [Worker-16] WARN  o.e.m.c.i.embedder.EclipseLogger - Using platform encoding (UTF-8 actually) to copy filtered resources, i.e. build is platform dependent!
2016-05-10 10:55:54,136 [Worker-16] INFO  o.e.m.c.i.embedder.EclipseLogger - Copying 0 resource
2016-05-10 11:43:21,407 [Worker-26] WARN  o.e.m.c.i.embedder.EclipseLogger - Using platform encoding (UTF-8 actually) to copy filtered resources, i.e. build is platform dependent!
2016-05-10 11:43:21,758 [Worker-26] INFO  o.e.m.c.i.embedder.EclipseLogger - Copying 0 resource
2016-05-10 11:43:21,873 [Worker-26] WARN  o.e.m.c.i.embedder.EclipseLogger - Using platform encoding (UTF-8 actually) to copy filtered resources, i.e. build is platform dependent!
2016-05-10 11:43:21,874 [Worker-26] INFO  o.e.m.c.i.embedder.EclipseLogger - Copying 0 resource
2016-05-10 12:17:50,172 [Worker-13] INFO  o.e.m.c.i.l.LifecycleMappingFactory - Using org.eclipse.m2e.jdt.JarLifecycleMapping lifecycle mapping for MavenProject: edu.umn.cs.spatialhadoop:example:0.0.1-SNAPSHOT @ /home/shadoop/workspace/example/pom.xml.
2016-05-10 12:17:51,957 [Worker-13] WARN  o.e.m.c.i.embedder.EclipseLogger - Using platform encoding (UTF-8 actually) to copy filtered resources, i.e. build is platform dependent!
2016-05-10 12:17:51,964 [Worker-13] INFO  o.e.m.c.i.embedder.EclipseLogger - Copying 0 resource
2016-05-10 12:17:51,967 [Worker-13] WARN  o.e.m.c.i.embedder.EclipseLogger - Using platform encoding (UTF-8 actually) to copy filtered resources, i.e. build is platform dependent!
2016-05-10 12:17:51,973 [Worker-13] INFO  o.e.m.c.i.embedder.EclipseLogger - Copying 0 resource
2016-05-10 12:17:57,958 [Worker-7] WARN  o.e.m.c.i.embedder.EclipseLogger - Using platform encoding (UTF-8 actually) to copy filtered resources, i.e. build is platform dependent!
2016-05-10 12:17:57,960 [Worker-7] INFO  o.e.m.c.i.embedder.EclipseLogger - Copying 0 resource
2016-05-10 12:17:57,961 [Worker-7] WARN  o.e.m.c.i.embedder.EclipseLogger - Using platform encoding (UTF-8 actually) to copy filtered resources, i.e. build is platform dependent!
2016-05-10 12:17:57,962 [Worker-7] INFO  o.e.m.c.i.embedder.EclipseLogger - Copying 0 resource
2016-05-10 12:18:11,529 [Worker-3] WARN  o.e.m.c.i.embedder.EclipseLogger - Using platform encoding (UTF-8 actually) to copy filtered resources, i.e. build is platform dependent!
2016-05-10 12:18:11,530 [Worker-3] INFO  o.e.m.c.i.embedder.EclipseLogger - Copying 0 resource
2016-05-10 12:18:11,531 [Worker-3] WARN  o.e.m.c.i.embedder.EclipseLogger - Using platform encoding (UTF-8 actually) to copy filtered resources, i.e. build is platform dependent!
2016-05-10 12:18:11,531 [Worker-3] INFO  o.e.m.c.i.embedder.EclipseLogger - Copying 0 resource
2016-05-10 12:22:25,736 [Worker-17] WARN  o.e.m.c.i.embedder.EclipseLogger - Using platform encoding (UTF-8 actually) to copy filtered resources, i.e. build is platform dependent!
2016-05-10 12:22:25,738 [Worker-17] INFO  o.e.m.c.i.embedder.EclipseLogger - Copying 0 resource
2016-05-10 12:22:25,739 [Worker-17] WARN  o.e.m.c.i.embedder.EclipseLogger - Using platform encoding (UTF-8 actually) to copy filtered resources, i.e. build is platform dependent!
2016-05-10 12:22:25,740 [Worker-17] INFO  o.e.m.c.i.embedder.EclipseLogger - Copying 0 resource
2016-05-10 13:43:12,991 [Worker-4] WARN  o.e.m.c.i.embedder.EclipseLogger - Using platform encoding (UTF-8 actually) to copy filtered resources, i.e. build is platform dependent!
2016-05-10 13:43:13,013 [Worker-4] INFO  o.e.m.c.i.embedder.EclipseLogger - skip non existing resourceDirectory /home/shadoop/workspace/pigeon/src/main/resources
2016-05-10 13:43:13,015 [Worker-4] WARN  o.e.m.c.i.embedder.EclipseLogger - Using platform encoding (UTF-8 actually) to copy filtered resources, i.e. build is platform dependent!
2016-05-10 13:43:13,023 [Worker-4] INFO  o.e.m.c.i.embedder.EclipseLogger - skip non existing resourceDirectory /home/shadoop/workspace/pigeon/src/test/resources
2016-05-10 13:43:16,939 [Worker-4] WARN  o.e.m.c.i.embedder.EclipseLogger - Using platform encoding (UTF-8 actually) to copy filtered resources, i.e. build is platform dependent!
2016-05-10 13:43:16,961 [Worker-4] INFO  o.e.m.c.i.embedder.EclipseLogger - Copying 81 resources
2016-05-10 13:43:17,047 [Worker-4] WARN  o.e.m.c.i.embedder.EclipseLogger - Using platform encoding (UTF-8 actually) to copy filtered resources, i.e. build is platform dependent!
2016-05-10 13:43:17,047 [Worker-4] INFO  o.e.m.c.i.embedder.EclipseLogger - skip non existing resourceDirectory /home/shadoop/workspace/spatialhadoop/src/test/resources
2016-05-10 13:43:54,730 [Worker-4] WARN  o.e.m.c.i.embedder.EclipseLogger - Using platform encoding (UTF-8 actually) to copy filtered resources, i.e. build is platform dependent!
2016-05-10 13:43:54,752 [Worker-4] INFO  o.e.m.c.i.embedder.EclipseLogger - Copying 81 resources
2016-05-10 13:43:54,760 [Worker-4] WARN  o.e.m.c.i.embedder.EclipseLogger - Using platform encoding (UTF-8 actually) to copy filtered resources, i.e. build is platform dependent!
2016-05-10 13:43:54,762 [Worker-4] INFO  o.e.m.c.i.embedder.EclipseLogger - skip non existing resourceDirectory /home/shadoop/workspace/spatialhadoop/src/test/resources
2016-05-10 13:46:45,343 [Worker-20] WARN  o.e.m.c.i.embedder.EclipseLogger - Using platform encoding (UTF-8 actually) to copy filtered resources, i.e. build is platform dependent!
2016-05-10 13:46:45,353 [Worker-20] INFO  o.e.m.c.i.embedder.EclipseLogger - Copying 0 resource
2016-05-10 13:46:45,356 [Worker-20] WARN  o.e.m.c.i.embedder.EclipseLogger - Using platform encoding (UTF-8 actually) to copy filtered resources, i.e. build is platform dependent!
2016-05-10 13:46:45,357 [Worker-20] INFO  o.e.m.c.i.embedder.EclipseLogger - skip non existing resourceDirectory /home/shadoop/workspace/spatialhadoop/src/test/resources
2016-05-10 13:48:19,833 [Worker-20] WARN  o.e.m.c.i.embedder.EclipseLogger - Using platform encoding (UTF-8 actually) to copy filtered resources, i.e. build is platform dependent!
2016-05-10 13:48:19,836 [Worker-20] INFO  o.e.m.c.i.embedder.EclipseLogger - Copying 0 resource
2016-05-10 13:48:19,845 [Worker-20] WARN  o.e.m.c.i.embedder.EclipseLogger - Using platform encoding (UTF-8 actually) to copy filtered resources, i.e. build is platform dependent!
2016-05-10 13:48:19,845 [Worker-20] INFO  o.e.m.c.i.embedder.EclipseLogger - skip non existing resourceDirectory /home/shadoop/workspace/spatialhadoop/src/test/resources
2016-05-10 13:50:57,518 [Worker-20] WARN  o.e.m.c.i.embedder.EclipseLogger - Using platform encoding (UTF-8 actually) to copy filtered resources, i.e. build is platform dependent!
2016-05-10 13:50:57,542 [Worker-20] INFO  o.e.m.c.i.embedder.EclipseLogger - Copying 1 resource
2016-05-10 13:50:57,544 [Worker-20] WARN  o.e.m.c.i.embedder.EclipseLogger - Using platform encoding (UTF-8 actually) to copy filtered resources, i.e. build is platform dependent!
2016-05-10 13:50:57,544 [Worker-20] INFO  o.e.m.c.i.embedder.EclipseLogger - skip non existing resourceDirectory /home/shadoop/workspace/spatialhadoop/src/test/resources
2016-05-10 13:54:43,246 [Worker-24] WARN  o.e.m.c.i.embedder.EclipseLogger - Using platform encoding (UTF-8 actually) to copy filtered resources, i.e. build is platform dependent!
2016-05-10 13:54:43,269 [Worker-24] INFO  o.e.m.c.i.embedder.EclipseLogger - Copying 81 resources
2016-05-10 13:54:43,292 [Worker-24] WARN  o.e.m.c.i.embedder.EclipseLogger - Using platform encoding (UTF-8 actually) to copy filtered resources, i.e. build is platform dependent!
2016-05-10 13:54:43,298 [Worker-24] INFO  o.e.m.c.i.embedder.EclipseLogger - skip non existing resourceDirectory /home/shadoop/workspace/spatialhadoop/src/test/resources
2016-05-10 14:00:10,552 [Worker-21] WARN  o.e.m.c.i.embedder.EclipseLogger - Using platform encoding (UTF-8 actually) to copy filtered resources, i.e. build is platform dependent!
2016-05-10 14:00:10,572 [Worker-21] INFO  o.e.m.c.i.embedder.EclipseLogger - Copying 9 resources
2016-05-10 14:00:10,581 [Worker-21] WARN  o.e.m.c.i.embedder.EclipseLogger - Using platform encoding (UTF-8 actually) to copy filtered resources, i.e. build is platform dependent!
2016-05-10 14:00:10,581 [Worker-21] INFO  o.e.m.c.i.embedder.EclipseLogger - skip non existing resourceDirectory /home/shadoop/workspace/spatialhadoop/src/test/resources
2019-01-18 06:03:58,972 [Worker-15] INFO  o.e.m.c.i.e.AbstractTransferListenerAdapter - Downloaded https://repo.maven.apache.org/maven2/junit/junit/4.11/junit-4.11.pom
2019-01-18 06:03:59,474 [Worker-15] INFO  o.e.m.c.i.e.AbstractTransferListenerAdapter - Downloaded https://repo.maven.apache.org/maven2/org/apache/pig/pigunit/0.13.0/pigunit-0.13.0.pom
2019-01-18 06:03:59,978 [Worker-15] INFO  o.e.m.c.i.e.AbstractTransferListenerAdapter - Downloaded https://repo.maven.apache.org/maven2/org/apache/hadoop/hadoop-core/1.2.1/hadoop-core-1.2.1.pom
2019-01-18 06:04:00,443 [Worker-15] INFO  o.e.m.c.i.e.AbstractTransferListenerAdapter - Downloaded https://repo.maven.apache.org/maven2/org/apache/pig/pig/0.13.0/pig-0.13.0.pom
2019-01-18 06:04:01,299 [Worker-15] INFO  o.e.m.c.i.e.AbstractTransferListenerAdapter - Downloaded https://repo.maven.apache.org/maven2/com/esri/geometry/esri-geometry-api/1.2/esri-geometry-api-1.2.pom
2019-01-18 06:04:01,724 [Worker-15] INFO  o.e.m.c.i.e.AbstractTransferListenerAdapter - Downloaded https://repo.maven.apache.org/maven2/com/vividsolutions/jts/1.8/jts-1.8.pom
2019-01-18 06:04:03,979 [Worker-15] INFO  o.e.m.c.i.e.AbstractTransferListenerAdapter - Downloaded https://repo.maven.apache.org/maven2/org/apache/maven/plugins/maven-compiler-plugin/3.1/maven-compiler-plugin-3.1.pom
2019-01-18 06:06:48,504 [Worker-6] WARN  o.e.m.c.i.embedder.EclipseLogger - Using platform encoding (UTF-8 actually) to copy filtered resources, i.e. build is platform dependent!
2019-01-18 06:06:48,825 [Worker-6] INFO  o.e.m.c.i.embedder.EclipseLogger - Copying 81 resources
2019-01-18 06:06:49,151 [Worker-6] WARN  o.e.m.c.i.embedder.EclipseLogger - Using platform encoding (UTF-8 actually) to copy filtered resources, i.e. build is platform dependent!
2019-01-18 06:06:49,156 [Worker-6] INFO  o.e.m.c.i.embedder.EclipseLogger - Copying 0 resource
2019-01-19 12:44:38,555 [Worker-7] WARN  o.e.m.c.i.embedder.EclipseLogger - Using platform encoding (UTF-8 actually) to copy filtered resources, i.e. build is platform dependent!
2019-01-19 12:44:39,260 [Worker-7] INFO  o.e.m.c.i.embedder.EclipseLogger - Copying 88 resources
2019-01-19 12:44:40,138 [Worker-7] WARN  o.e.m.c.i.embedder.EclipseLogger - Using platform encoding (UTF-8 actually) to copy filtered resources, i.e. build is platform dependent!
2019-01-19 12:44:40,154 [Worker-7] INFO  o.e.m.c.i.embedder.EclipseLogger - Copying 2 resources
